<?xml version="1.0" encoding="UTF-8"?>
<testng-results total="1" passed="1" failed="0" skipped="0">
  <reporter-output>
  </reporter-output>
  <suite started-at="2021-06-15T05:19:16Z" name="Default suite" finished-at="2021-06-15T05:19:30Z" duration-ms="13446">
    <groups>
    </groups>
    <test started-at="2021-06-15T05:19:16Z" name="Default test" finished-at="2021-06-15T05:19:30Z" duration-ms="13446">
      <class name="Tests.CheckBoxes">
        <test-method is-config="true" signature="setUp()[pri:0, instance:Tests.CheckBoxes@543295b0]" started-at="2021-06-15T01:19:16Z" name="setUp" finished-at="2021-06-15T01:19:23Z" duration-ms="6634" status="PASS">
          <reporter-output>
          </reporter-output>
        </test-method> <!-- setUp -->
        <test-method signature="testingAB()[pri:0, instance:Tests.CheckBoxes@543295b0]" started-at="2021-06-15T01:19:23Z" name="testingAB" finished-at="2021-06-15T01:19:29Z" duration-ms="6642" status="PASS">
          <reporter-output>
          </reporter-output>
        </test-method> <!-- testingAB -->
        <test-method is-config="true" signature="tearDown()[pri:0, instance:Tests.CheckBoxes@543295b0]" started-at="2021-06-15T01:19:29Z" name="tearDown" finished-at="2021-06-15T01:19:30Z" duration-ms="159" status="PASS">
          <reporter-output>
          </reporter-output>
        </test-method> <!-- tearDown -->
      </class> <!-- Tests.CheckBoxes -->
    </test> <!-- Default test -->
  </suite> <!-- Default suite -->
</testng-results>
